<?xml version="1.0" encoding="UTF-8"?>
<!-- Generated by org.testng.reporters.JUnitXMLReporter -->
<testsuite hostname="DESKTOP-576CM0N" ignored="1" name="TS_MOB_001 :: To verify user can login into jio application, verify dashboard, current jio plan and perform recharge for a friend." tests="1" failures="0" timestamp="2020-09-17T17:55:31 IST" time="134.877" errors="0">
  <testcase name="verifyLogin_currentPlan_rechargeForFriend" time="110.463" classname="com.Jio.JioIndex"/>
  <testcase name="test1" time="0.0" classname="com.utils.JIODataProvider">
    <ignored/>
  </testcase> <!-- test1 -->
</testsuite> <!-- TS_MOB_001 :: To verify user can login into jio application, verify dashboard, current jio plan and perform recharge for a friend. -->
