<?xml version="1.0" encoding="UTF-8"?>
<testng-results skipped="0" failed="0" ignored="1" total="2" passed="1">
  <reporter-output>
    <line>
      <![CDATA[<br></br><strong>TS_MOB_001 :: To verify user can login into jio application, verify dashboard, current jio plan and perform recharge for a friend.</strong>]]>
    </line>
    <line>
      <![CDATA[<br></br>Step 1 : Click on close button to skip introduction.]]>
    </line>
    <line>
      <![CDATA[<br></br>Validation Message : <Strong><font color=#ff0000>Introduction screen skipped already.</strong></font>]]>
    </line>
    <line>
      <![CDATA[<br></br><font color=#000080>Verify user can see Home Screen of "Jio Application " with following fields<br> 1. Mobile Tab.<br> 2. JioFiber Tab.<br> 3. Jiofi Tab. <br> 4. JioLink Tab.<br> 5. Enter mobile number text field.<br> 6. Generate OTP button.<br> 7. Login with QR.<br> 8. Not a jio user Button.</font>]]>
    </line>
    <line>
      <![CDATA[<br></br><Strong><font color=#008000>Pass</font></strong>]]>
    </line>
    <line>
      <![CDATA[<br></br><strong>Mobile Number - </strong><font color=#9400D3>8200042508</font>]]>
    </line>
    <line>
      <![CDATA[<br></br>Step 2 : Click on Generate OTP button.]]>
    </line>
    <line>
      <![CDATA[<br></br>Step 3 : Click on Close "Explore Now" advertisement.]]>
    </line>
    <line>
      <![CDATA[<br></br><font color=#000080>4. Verify user is redirected to dashboard of My jio application after successful login.
.</font>]]>
    </line>
    <line>
      <![CDATA[<br></br><strong>Logged in user Number :  - </strong><font color=#9400D3>8200042508</font>]]>
    </line>
    <line>
      <![CDATA[<br></br><strong>Registered user number :  - </strong><font color=#9400D3>8200042508</font>]]>
    </line>
    <line>
      <![CDATA[<br></br><Strong><font color=#008000>Pass</font></strong>]]>
    </line>
    <line>
      <![CDATA[<br></br>Step 4 : Click on telecom Tab.]]>
    </line>
    <line>
      <![CDATA[<br></br><font color=#000080>Verify user can see telecom tab screen.</font>]]>
    </line>
    <line>
      <![CDATA[<br></br><strong>Logged in user Number :  - </strong><font color=#9400D3>8200042508</font>]]>
    </line>
    <line>
      <![CDATA[<br></br><strong>Registered user number :  - </strong><font color=#9400D3>8200042508</font>]]>
    </line>
    <line>
      <![CDATA[<br></br><Strong><font color=#008000>Pass</font></strong>]]>
    </line>
    <line>
      <![CDATA[<br></br><strong>Current Plan Amount :  - </strong><font color=#9400D3>599</font>]]>
    </line>
    <line>
      <![CDATA[<br></br><strong>Current Plan Data :  - </strong><font color=#9400D3>2</font>]]>
    </line>
    <line>
      <![CDATA[<br></br>Step 5 : Click on Current Plan button.]]>
    </line>
    <line>
      <![CDATA[<br></br><font color=#000080>Verify current plan screen with its details present.</font>]]>
    </line>
    <line>
      <![CDATA[<br></br><strong>Current Plan Details :  - </strong><font color=#9400D3>Rs599- 3m- 2GB/Day</font>]]>
    </line>
    <line>
      <![CDATA[<br></br><strong>Total SMS :  - </strong><font color=#9400D3>100 SMS</font>]]>
    </line>
    <line>
      <![CDATA[<br></br><strong>Remaining SMS :  - </strong><font color=#9400D3>remaining of 100 SMS/Day</font>]]>
    </line>
    <line>
      <![CDATA[<br></br><strong>Remaining Data Left :  - </strong><font color=#9400D3>2 GB</font>]]>
    </line>
    <line>
      <![CDATA[<br></br><strong>Voice - Non Jio :  - </strong><font color=#9400D3>2214.00 Min</font>]]>
    </line>
    <line>
      <![CDATA[<br></br><strong>Unlimited Omnet :  - </strong><font color=#9400D3>Unlimited</font>]]>
    </line>
    <line>
      <![CDATA[<br></br><Strong><font color=#008000>Pass</font></strong>]]>
    </line>
    <line>
      <![CDATA[<br></br>Step 6 : Click on back button from current plan details screen.]]>
    </line>
    <line>
      <![CDATA[<br></br><font color=#000080>Verify user is redirected to telecom screen, after user clicks on back button from current plan screen.</font>]]>
    </line>
    <line>
      <![CDATA[<br></br><strong>Logged in user Number :  - </strong><font color=#9400D3>8200042508</font>]]>
    </line>
    <line>
      <![CDATA[<br></br><strong>Registered user number :  - </strong><font color=#9400D3>8200042508</font>]]>
    </line>
    <line>
      <![CDATA[<br></br><Strong><font color=#008000>Pass</font></strong>]]>
    </line>
    <line>
      <![CDATA[<br></br>Step 7 : Click on Menu button.]]>
    </line>
    <line>
      <![CDATA[<br></br><font color=#000080>Verify user can see Menu Screen.</font>]]>
    </line>
    <line>
      <![CDATA[<br></br><strong>User Name :  - </strong><font color=#9400D3></font>]]>
    </line>
    <line>
      <![CDATA[<br></br><Strong><font color=#008000>Pass</font></strong>]]>
    </line>
    <line>
      <![CDATA[<br></br>Step 8 : Click on Recharge for a friend.]]>
    </line>
    <line>
      <![CDATA[<br></br><font color=#000080>Verify user can see recharge for a friend screen.</font>]]>
    </line>
    <line>
      <![CDATA[<br></br><Strong><font color=#008000>Pass</font></strong>]]>
    </line>
    <line>
      <![CDATA[<br></br><strong>Mobile Number - </strong><font color=#9400D3>111694</font>]]>
    </line>
    <line>
      <![CDATA[<br></br>Step 9 : Click on Proceed Button.]]>
    </line>
    <line>
      <![CDATA[<br></br><font color=#000080>Verify user can see validation message for "Please enter a valid Jio Number"</font>]]>
    </line>
    <line>
      <![CDATA[<br></br><Strong><font color=#008000>Pass</font></strong>]]>
    </line>
    <line>
      <![CDATA[<br></br>Step 10 : Click on Back button from recharge for a friend screen.]]>
    </line>
    <line>
      <![CDATA[<br></br>Step 11 : Click on Menu button.]]>
    </line>
    <line>
      <![CDATA[<br></br>Step 12 : Click on Settings Button.]]>
    </line>
    <line>
      <![CDATA[<br></br>Step 13 : Click on Logout Button.]]>
    </line>
    <line>
      <![CDATA[<br></br><font color=#000080>Verify user can see Logout Popup.</font>]]>
    </line>
    <line>
      <![CDATA[<br></br><Strong><font color=#008000>Pass</font></strong>]]>
    </line>
    <line>
      <![CDATA[<br></br>Step 14 : Click on Yes Button.]]>
    </line>
    <line>
      <![CDATA[<br></br><font color=#000080>Verify user is logged out successfully.</font>]]>
    </line>
    <line>
      <![CDATA[<br></br><Strong><font color=#008000>Pass</font></strong>]]>
    </line>
  </reporter-output>
  <suite name="TBlocks_POC_Zain_WebApplication" duration-ms="154887" started-at="2020-09-17T10:25:14 IST" finished-at="2020-09-17T10:27:48 IST">
    <groups>
    </groups>
    <test name="TS_MOB_001 :: To verify user can login into jio application, verify dashboard, current jio plan and perform recharge for a friend." duration-ms="154887" started-at="2020-09-17T10:25:14 IST" finished-at="2020-09-17T10:27:48 IST">
      <class name="com.Jio.JioIndex">
        <test-method status="PASS" signature="startReport(org.testng.ITestContext)[pri:0, instance:com.Jio.JioIndex@73a1e9a9]" name="startReport" is-config="true" duration-ms="124" started-at="2020-09-17T10:25:13 IST" finished-at="2020-09-17T10:25:14 IST">
          <params>
            <param index="0">
              <value>
                <![CDATA[org.testng.TestRunner@7435a578]]>
              </value>
            </param>
          </params>
          <reporter-output>
          </reporter-output>
        </test-method> <!-- startReport -->
        <test-method status="PASS" signature="setUp(java.lang.reflect.Method)[pri:0, instance:com.Jio.JioIndex@73a1e9a9]" name="setUp" is-config="true" duration-ms="25190" started-at="2020-09-17T10:25:14 IST" finished-at="2020-09-17T10:25:40 IST">
          <params>
            <param index="0">
              <value>
                <![CDATA[public void com.Jio.JioIndex.verifyLogin_currentPlan_rechargeForFriend(java.lang.String)]]>
              </value>
            </param>
          </params>
          <reporter-output>
          </reporter-output>
        </test-method> <!-- setUp -->
        <test-method status="PASS" signature="verifyLogin_currentPlan_rechargeForFriend(java.lang.String)[pri:0, instance:com.Jio.JioIndex@73a1e9a9]" name="verifyLogin_currentPlan_rechargeForFriend" duration-ms="128037" started-at="2020-09-17T10:25:40 IST" data-provider="Jio" finished-at="2020-09-17T10:27:48 IST">
          <params>
            <param index="0">
              <value>
                <![CDATA[8200042508]]>
              </value>
            </param>
          </params>
          <reporter-output>
            <line>
              <![CDATA[<br></br><strong>TS_MOB_001 :: To verify user can login into jio application, verify dashboard, current jio plan and perform recharge for a friend.</strong>]]>
            </line>
            <line>
              <![CDATA[<br></br>Step 1 : Click on close button to skip introduction.]]>
            </line>
            <line>
              <![CDATA[<br></br>Validation Message : <Strong><font color=#ff0000>Introduction screen skipped already.</strong></font>]]>
            </line>
            <line>
              <![CDATA[<br></br><font color=#000080>Verify user can see Home Screen of "Jio Application " with following fields<br> 1. Mobile Tab.<br> 2. JioFiber Tab.<br> 3. Jiofi Tab. <br> 4. JioLink Tab.<br> 5. Enter mobile number text field.<br> 6. Generate OTP button.<br> 7. Login with QR.<br> 8. Not a jio user Button.</font>]]>
            </line>
            <line>
              <![CDATA[<br></br><Strong><font color=#008000>Pass</font></strong>]]>
            </line>
            <line>
              <![CDATA[<br></br><strong>Mobile Number - </strong><font color=#9400D3>8200042508</font>]]>
            </line>
            <line>
              <![CDATA[<br></br>Step 2 : Click on Generate OTP button.]]>
            </line>
            <line>
              <![CDATA[<br></br>Step 3 : Click on Close "Explore Now" advertisement.]]>
            </line>
            <line>
              <![CDATA[<br></br><font color=#000080>4. Verify user is redirected to dashboard of My jio application after successful login.
.</font>]]>
            </line>
            <line>
              <![CDATA[<br></br><strong>Logged in user Number :  - </strong><font color=#9400D3>8200042508</font>]]>
            </line>
            <line>
              <![CDATA[<br></br><strong>Registered user number :  - </strong><font color=#9400D3>8200042508</font>]]>
            </line>
            <line>
              <![CDATA[<br></br><Strong><font color=#008000>Pass</font></strong>]]>
            </line>
            <line>
              <![CDATA[<br></br>Step 4 : Click on telecom Tab.]]>
            </line>
            <line>
              <![CDATA[<br></br><font color=#000080>Verify user can see telecom tab screen.</font>]]>
            </line>
            <line>
              <![CDATA[<br></br><strong>Logged in user Number :  - </strong><font color=#9400D3>8200042508</font>]]>
            </line>
            <line>
              <![CDATA[<br></br><strong>Registered user number :  - </strong><font color=#9400D3>8200042508</font>]]>
            </line>
            <line>
              <![CDATA[<br></br><Strong><font color=#008000>Pass</font></strong>]]>
            </line>
            <line>
              <![CDATA[<br></br><strong>Current Plan Amount :  - </strong><font color=#9400D3>599</font>]]>
            </line>
            <line>
              <![CDATA[<br></br><strong>Current Plan Data :  - </strong><font color=#9400D3>2</font>]]>
            </line>
            <line>
              <![CDATA[<br></br>Step 5 : Click on Current Plan button.]]>
            </line>
            <line>
              <![CDATA[<br></br><font color=#000080>Verify current plan screen with its details present.</font>]]>
            </line>
            <line>
              <![CDATA[<br></br><strong>Current Plan Details :  - </strong><font color=#9400D3>Rs599- 3m- 2GB/Day</font>]]>
            </line>
            <line>
              <![CDATA[<br></br><strong>Total SMS :  - </strong><font color=#9400D3>100 SMS</font>]]>
            </line>
            <line>
              <![CDATA[<br></br><strong>Remaining SMS :  - </strong><font color=#9400D3>remaining of 100 SMS/Day</font>]]>
            </line>
            <line>
              <![CDATA[<br></br><strong>Remaining Data Left :  - </strong><font color=#9400D3>2 GB</font>]]>
            </line>
            <line>
              <![CDATA[<br></br><strong>Voice - Non Jio :  - </strong><font color=#9400D3>2214.00 Min</font>]]>
            </line>
            <line>
              <![CDATA[<br></br><strong>Unlimited Omnet :  - </strong><font color=#9400D3>Unlimited</font>]]>
            </line>
            <line>
              <![CDATA[<br></br><Strong><font color=#008000>Pass</font></strong>]]>
            </line>
            <line>
              <![CDATA[<br></br>Step 6 : Click on back button from current plan details screen.]]>
            </line>
            <line>
              <![CDATA[<br></br><font color=#000080>Verify user is redirected to telecom screen, after user clicks on back button from current plan screen.</font>]]>
            </line>
            <line>
              <![CDATA[<br></br><strong>Logged in user Number :  - </strong><font color=#9400D3>8200042508</font>]]>
            </line>
            <line>
              <![CDATA[<br></br><strong>Registered user number :  - </strong><font color=#9400D3>8200042508</font>]]>
            </line>
            <line>
              <![CDATA[<br></br><Strong><font color=#008000>Pass</font></strong>]]>
            </line>
            <line>
              <![CDATA[<br></br>Step 7 : Click on Menu button.]]>
            </line>
            <line>
              <![CDATA[<br></br><font color=#000080>Verify user can see Menu Screen.</font>]]>
            </line>
            <line>
              <![CDATA[<br></br><strong>User Name :  - </strong><font color=#9400D3></font>]]>
            </line>
            <line>
              <![CDATA[<br></br><Strong><font color=#008000>Pass</font></strong>]]>
            </line>
            <line>
              <![CDATA[<br></br>Step 8 : Click on Recharge for a friend.]]>
            </line>
            <line>
              <![CDATA[<br></br><font color=#000080>Verify user can see recharge for a friend screen.</font>]]>
            </line>
            <line>
              <![CDATA[<br></br><Strong><font color=#008000>Pass</font></strong>]]>
            </line>
            <line>
              <![CDATA[<br></br><strong>Mobile Number - </strong><font color=#9400D3>111694</font>]]>
            </line>
            <line>
              <![CDATA[<br></br>Step 9 : Click on Proceed Button.]]>
            </line>
            <line>
              <![CDATA[<br></br><font color=#000080>Verify user can see validation message for "Please enter a valid Jio Number"</font>]]>
            </line>
            <line>
              <![CDATA[<br></br><Strong><font color=#008000>Pass</font></strong>]]>
            </line>
            <line>
              <![CDATA[<br></br>Step 10 : Click on Back button from recharge for a friend screen.]]>
            </line>
            <line>
              <![CDATA[<br></br>Step 11 : Click on Menu button.]]>
            </line>
            <line>
              <![CDATA[<br></br>Step 12 : Click on Settings Button.]]>
            </line>
            <line>
              <![CDATA[<br></br>Step 13 : Click on Logout Button.]]>
            </line>
            <line>
              <![CDATA[<br></br><font color=#000080>Verify user can see Logout Popup.</font>]]>
            </line>
            <line>
              <![CDATA[<br></br><Strong><font color=#008000>Pass</font></strong>]]>
            </line>
            <line>
              <![CDATA[<br></br>Step 14 : Click on Yes Button.]]>
            </line>
            <line>
              <![CDATA[<br></br><font color=#000080>Verify user is logged out successfully.</font>]]>
            </line>
            <line>
              <![CDATA[<br></br><Strong><font color=#008000>Pass</font></strong>]]>
            </line>
          </reporter-output>
        </test-method> <!-- verifyLogin_currentPlan_rechargeForFriend -->
        <test-method status="PASS" signature="tearDown(org.testng.ITestResult)[pri:0, instance:com.Jio.JioIndex@73a1e9a9]" name="tearDown" is-config="true" duration-ms="881" started-at="2020-09-17T10:27:48 IST" finished-at="2020-09-17T10:27:48 IST">
          <params>
            <param index="0">
              <value>
                <![CDATA[[TestResult name=verifyLogin_currentPlan_rechargeForFriend status=SUCCESS method=JioIndex.verifyLogin_currentPlan_rechargeForFriend(java.lang.String)[pri:0, instance:com.Jio.JioIndex@73a1e9a9] output=<br></br><strong>TS_MOB_001 :: To verify user can login into jio application, verify dashboard, current jio plan and perform recharge for a friend.</strong>]]]>
              </value>
            </param>
          </params>
          <reporter-output>
          </reporter-output>
        </test-method> <!-- tearDown -->
        <test-method status="PASS" signature="endReport()[pri:0, instance:com.Jio.JioIndex@73a1e9a9]" name="endReport" is-config="true" duration-ms="661" started-at="2020-09-17T10:27:49 IST" finished-at="2020-09-17T10:27:49 IST">
          <reporter-output>
          </reporter-output>
        </test-method> <!-- endReport -->
      </class> <!-- com.Jio.JioIndex -->
    </test> <!-- TS_MOB_001 :: To verify user can login into jio application, verify dashboard, current jio plan and perform recharge for a friend. -->
  </suite> <!-- TBlocks_POC_Zain_WebApplication -->
</testng-results>
